[29jul2020 09:54:53.476] [main/INFO] [cpw.mods.modlauncher.Launcher/MODLAUNCHER]: ModLauncher running: args [--gameDir, ., --launchTarget, fmluserdevclient, --fml.mcpVersion, 20200515.085601, --fml.mcVersion, 1.15.2, --fml.forgeGroup, net.minecraftforge, --fml.forgeVersion, 31.2.0, --version, MOD_DEV, --assetIndex, 1.15, --assetsDir, C:\Users\alexs\.gradle\caches\forge_gradle\assets, --username, Dev, --accessToken, ????????, --userProperties, {}]
[29jul2020 09:54:53.483] [main/INFO] [cpw.mods.modlauncher.Launcher/MODLAUNCHER]: ModLauncher 5.1.0+69+master.79f13f7 starting: java version 1.8.0_251 by Oracle Corporation
[29jul2020 09:54:53.509] [main/DEBUG] [cpw.mods.modlauncher.LaunchServiceHandler/MODLAUNCHER]: Found launch services [minecraft,fmldevdata,fmldevclient,fmldevserver,fmluserdevserver,testharness,fmluserdevdata,fmlclient,fmluserdevclient,fmlserver]
[29jul2020 09:54:53.528] [main/DEBUG] [cpw.mods.modlauncher.NameMappingServiceHandler/MODLAUNCHER]: Found naming services : [srgtomcp]
[29jul2020 09:54:53.545] [main/DEBUG] [cpw.mods.modlauncher.LaunchPluginHandler/MODLAUNCHER]: Found launch plugins: [eventbus,object_holder_definalize,runtime_enum_extender,accesstransformer,capability_inject_definalize,runtimedistcleaner]
[29jul2020 09:54:53.564] [main/DEBUG] [cpw.mods.modlauncher.TransformationServicesHandler/MODLAUNCHER]: Discovering transformation services
[29jul2020 09:54:53.574] [main/DEBUG] [cpw.mods.modlauncher.TransformationServicesHandler/MODLAUNCHER]: Found additional transformation services from discovery services: []
[29jul2020 09:54:53.632] [main/DEBUG] [cpw.mods.modlauncher.TransformationServicesHandler/MODLAUNCHER]: Found transformer services : [fml]
[29jul2020 09:54:53.633] [main/DEBUG] [cpw.mods.modlauncher.TransformationServicesHandler/MODLAUNCHER]: Transformation services loading
[29jul2020 09:54:53.634] [main/DEBUG] [cpw.mods.modlauncher.TransformationServiceDecorator/MODLAUNCHER]: Loading service fml
[29jul2020 09:54:53.635] [main/DEBUG] [net.minecraftforge.fml.loading.FMLServiceProvider/]: Injecting tracing printstreams for STDOUT/STDERR.
[29jul2020 09:54:53.641] [main/DEBUG] [net.minecraftforge.fml.loading.LauncherVersion/CORE]: Found FMLLauncher version 31.2
[29jul2020 09:54:53.641] [main/DEBUG] [net.minecraftforge.fml.loading.FMLLoader/CORE]: FML 31.2 loading
[29jul2020 09:54:53.642] [main/DEBUG] [net.minecraftforge.fml.loading.FMLLoader/CORE]: FML found ModLauncher version : 5.1.0+69+master.79f13f7
[29jul2020 09:54:53.642] [main/DEBUG] [net.minecraftforge.fml.loading.FMLLoader/CORE]: Initializing modjar URL handler
[29jul2020 09:54:53.644] [main/DEBUG] [net.minecraftforge.fml.loading.FMLLoader/CORE]: FML found AccessTransformer version : 2.1.1+55+master.08d32b9
[29jul2020 09:54:53.645] [main/DEBUG] [net.minecraftforge.fml.loading.FMLLoader/CORE]: FML found EventBus version : 2.2.0+59+master.4f71e48
[29jul2020 09:54:53.646] [main/DEBUG] [net.minecraftforge.fml.loading.FMLLoader/CORE]: Found Runtime Dist Cleaner
[29jul2020 09:54:53.652] [main/DEBUG] [net.minecraftforge.fml.loading.FMLLoader/CORE]: FML found CoreMod version : 2.0.3+8+master.ca72757
[29jul2020 09:54:53.653] [main/DEBUG] [net.minecraftforge.fml.loading.FMLLoader/CORE]: Found ForgeSPI package implementation version 2.1.2+9+master.a8b4d92
[29jul2020 09:54:53.654] [main/DEBUG] [net.minecraftforge.fml.loading.FMLLoader/CORE]: Found ForgeSPI package specification 3
[29jul2020 09:54:54.943] [main/INFO] [net.minecraftforge.fml.loading.FixSSL/CORE]: Added Lets Encrypt root certificates as additional trust
[29jul2020 09:54:54.944] [main/DEBUG] [cpw.mods.modlauncher.TransformationServiceDecorator/MODLAUNCHER]: Loaded service fml
[29jul2020 09:54:54.947] [main/DEBUG] [cpw.mods.modlauncher.TransformationServicesHandler/MODLAUNCHER]: Configuring option handling for services
[29jul2020 09:54:54.959] [main/DEBUG] [cpw.mods.modlauncher.TransformationServicesHandler/MODLAUNCHER]: Transformation services initializing
[29jul2020 09:54:54.960] [main/DEBUG] [cpw.mods.modlauncher.TransformationServiceDecorator/MODLAUNCHER]: Initializing transformation service fml
[29jul2020 09:54:54.960] [main/DEBUG] [net.minecraftforge.fml.loading.FMLServiceProvider/CORE]: Setting up basic FML game directories
[29jul2020 09:54:54.961] [main/DEBUG] [net.minecraftforge.fml.loading.FileUtils/CORE]: Found existing GAMEDIR directory : C:\Users\alexs\Desktop\ESCRITORIO DE XANDER\01_ECLIPSE_MINECRAFT_MOD_WORKSPACE\CustomGunsMod1.15.2\customgunsmod\run
[29jul2020 09:54:54.962] [main/DEBUG] [net.minecraftforge.fml.loading.FMLPaths/CORE]: Path GAMEDIR is C:\Users\alexs\Desktop\ESCRITORIO DE XANDER\01_ECLIPSE_MINECRAFT_MOD_WORKSPACE\CustomGunsMod1.15.2\customgunsmod\run
[29jul2020 09:54:54.963] [main/DEBUG] [net.minecraftforge.fml.loading.FileUtils/CORE]: Found existing MODSDIR directory : C:\Users\alexs\Desktop\ESCRITORIO DE XANDER\01_ECLIPSE_MINECRAFT_MOD_WORKSPACE\CustomGunsMod1.15.2\customgunsmod\run\mods
[29jul2020 09:54:54.963] [main/DEBUG] [net.minecraftforge.fml.loading.FMLPaths/CORE]: Path MODSDIR is C:\Users\alexs\Desktop\ESCRITORIO DE XANDER\01_ECLIPSE_MINECRAFT_MOD_WORKSPACE\CustomGunsMod1.15.2\customgunsmod\run\mods
[29jul2020 09:54:54.964] [main/DEBUG] [net.minecraftforge.fml.loading.FileUtils/CORE]: Found existing CONFIGDIR directory : C:\Users\alexs\Desktop\ESCRITORIO DE XANDER\01_ECLIPSE_MINECRAFT_MOD_WORKSPACE\CustomGunsMod1.15.2\customgunsmod\run\config
[29jul2020 09:54:54.964] [main/DEBUG] [net.minecraftforge.fml.loading.FMLPaths/CORE]: Path CONFIGDIR is C:\Users\alexs\Desktop\ESCRITORIO DE XANDER\01_ECLIPSE_MINECRAFT_MOD_WORKSPACE\CustomGunsMod1.15.2\customgunsmod\run\config
[29jul2020 09:54:54.965] [main/DEBUG] [net.minecraftforge.fml.loading.FMLPaths/CORE]: Path FMLCONFIG is C:\Users\alexs\Desktop\ESCRITORIO DE XANDER\01_ECLIPSE_MINECRAFT_MOD_WORKSPACE\CustomGunsMod1.15.2\customgunsmod\run\config\fml.toml
[29jul2020 09:54:54.965] [main/DEBUG] [net.minecraftforge.fml.loading.FMLServiceProvider/CORE]: Loading configuration
[29jul2020 09:54:55.061] [main/DEBUG] [net.minecraftforge.fml.loading.FileUtils/CORE]: Found existing default config directory directory : C:\Users\alexs\Desktop\ESCRITORIO DE XANDER\01_ECLIPSE_MINECRAFT_MOD_WORKSPACE\CustomGunsMod1.15.2\customgunsmod\run\defaultconfigs
[29jul2020 09:54:55.062] [main/DEBUG] [net.minecraftforge.fml.loading.FMLServiceProvider/CORE]: Preparing launch handler
[29jul2020 09:54:55.062] [main/DEBUG] [net.minecraftforge.fml.loading.FMLLoader/CORE]: Using fmluserdevclient as launch service
